EDA Netlist Writer report for semaforo_v1
Mon May 27 20:03:29 2019
Quartus II 32-bit Version 13.0.1 Build 232 06/12/2013 Service Pack 1 SJ Full Version


---------------------
; Table of Contents ;
---------------------
  1. Legal Notice
  2. EDA Netlist Writer Summary
  3. EDA Netlist Writer Messages



----------------
; Legal Notice ;
----------------
Copyright (C) 1991-2013 Altera Corporation
Your use of Altera Corporation's design tools, logic functions 
and other software and tools, and its AMPP partner logic 
functions, and any output files from any of the foregoing 
(including device programming or simulation files), and any 
associated documentation or information are expressly subject 
to the terms and conditions of the Altera Program License 
Subscription Agreement, Altera MegaCore Function License 
Agreement, or other applicable license agreement, including, 
without limitation, that your use is for the sole purpose of 
programming logic devices manufactured by Altera and sold by 
Altera or its authorized distributors.  Please refer to the 
applicable agreement for further details.



+-------------------------------------------------------------------+
; EDA Netlist Writer Summary                                        ;
+---------------------------+---------------------------------------+
; EDA Netlist Writer Status ; Successful - Mon May 27 20:03:29 2019 ;
; Revision Name             ; semaforo_v1                           ;
; Top-level Entity Name     ; semaforo_v1                           ;
; Family                    ; Cyclone                               ;
+---------------------------+---------------------------------------+


+-----------------------------+
; EDA Netlist Writer Messages ;
+-----------------------------+
Info: *******************************************************************
Info: Running Quartus II 32-bit EDA Netlist Writer
    Info: Version 13.0.1 Build 232 06/12/2013 Service Pack 1 SJ Full Version
    Info: Processing started: Mon May 27 20:03:27 2019
Info: Command: quartus_eda --read_settings_files=on --write_settings_files=off semaforo_v1 -c semaforo_v1 --gen_testbench
Info (119006): Selected device EP1C3T100A8 for design "semaforo_v1"
Info (201002): Generated VHDL Test Bench File /home/alisson.b11/aula34_2/simulation/modelsim/semaforo_v1.vht for simulation
Info: Quartus II 32-bit EDA Netlist Writer was successful. 0 errors, 0 warnings
    Info: Peak virtual memory: 303 megabytes
    Info: Processing ended: Mon May 27 20:03:29 2019
    Info: Elapsed time: 00:00:02
    Info: Total CPU time (on all processors): 00:00:01


